[2023-08-31 16:00:23,675 INFO com.nopcommerce.account.Level_16_Log] - User_01 - Step 1: Verify Register link displayed
[2023-08-31 16:00:23,770 INFO com.nopcommerce.account.Level_16_Log] - User_01 - Step 2: Click to Register link
[2023-08-31 16:00:25,151 INFO com.nopcommerce.account.Level_16_Log] - User_01 - Step 3: Click to Register button
[2023-08-31 16:00:25,312 INFO com.nopcommerce.account.Level_16_Log] - User_01 - Step 4: Verify error message at Firstname textbox
[2023-08-31 16:00:25,363 INFO com.nopcommerce.account.Level_16_Log] - User_01 - Step 5: Verify error message at Lastname textbox
[2023-08-31 16:00:25,402 INFO com.nopcommerce.account.Level_16_Log] - User_01 - Step 6: Verify Firstname textbox
[2023-08-31 16:00:25,556 INFO com.nopcommerce.account.Level_16_Log] - User_01 - Step 7: Verify Lastname textbox
[2023-08-31 16:00:25,680 INFO com.nopcommerce.account.Level_16_Log] - User_01 - Step 8: Verify Email textbox
[2023-08-31 16:00:25,841 INFO com.nopcommerce.account.Level_16_Log] - User_01 - Step 9: Verify Password textbox
[2023-08-31 16:00:25,991 INFO com.nopcommerce.account.Level_16_Log] - User_01 - Step 10: Verify Confirm password textbox
[2023-08-31 16:00:26,138 INFO com.nopcommerce.account.Level_16_Log] - User_01 - Step 11: Click to Register button
[2023-08-31 16:00:27,714 INFO com.nopcommerce.account.Level_16_Log] - User_01 - Step 12: Verify success message is displayed
[2023-08-31 16:05:52,591 INFO com.nopcommerce.account.Level_16_Log] - User_01 - Step 1: Verify Register link displayed
[2023-08-31 16:05:52,752 INFO com.nopcommerce.account.Level_16_Log] - ------------------- FAILED -------------------
[2023-08-31 16:05:52,753 INFO com.nopcommerce.account.Level_16_Log] - User_01 - Step 2: Click to Register link
[2023-08-31 16:05:53,813 INFO com.nopcommerce.account.Level_16_Log] - User_01 - Step 3: Click to Register button
[2023-08-31 16:05:53,921 INFO com.nopcommerce.account.Level_16_Log] - User_01 - Step 4: Verify error message at Firstname textbox
[2023-08-31 16:05:53,978 INFO com.nopcommerce.account.Level_16_Log] - ------------------- PASSED -------------------
[2023-08-31 16:05:53,978 INFO com.nopcommerce.account.Level_16_Log] - User_01 - Step 5: Verify error message at Lastname textbox
[2023-08-31 16:05:54,020 INFO com.nopcommerce.account.Level_16_Log] - ------------------- FAILED -------------------
[2023-08-31 16:05:54,020 INFO com.nopcommerce.account.Level_16_Log] - User_01 - Step 6: Verify Firstname textbox
[2023-08-31 16:05:54,182 INFO com.nopcommerce.account.Level_16_Log] - User_01 - Step 7: Verify Lastname textbox
[2023-08-31 16:05:54,306 INFO com.nopcommerce.account.Level_16_Log] - User_01 - Step 8: Verify Email textbox
[2023-08-31 16:05:54,472 INFO com.nopcommerce.account.Level_16_Log] - User_01 - Step 9: Verify Password textbox
[2023-08-31 16:05:54,583 INFO com.nopcommerce.account.Level_16_Log] - User_01 - Step 10: Verify Confirm password textbox
[2023-08-31 16:05:54,694 INFO com.nopcommerce.account.Level_16_Log] - User_01 - Step 11: Click to Register button
[2023-08-31 16:05:55,508 INFO com.nopcommerce.account.Level_16_Log] - User_01 - Step 12: Verify success message is displayed
[2023-08-31 16:05:55,548 INFO com.nopcommerce.account.Level_16_Log] - ------------------- FAILED -------------------
[2023-08-31 16:11:55,654 INFO com.nopcommerce.account.Level_16_Log] - Register - Step 1: Verify Register link displayed
[2023-08-31 16:11:55,753 INFO com.nopcommerce.account.Level_16_Log] - ------------------- FAILED -------------------
[2023-08-31 16:11:55,754 INFO com.nopcommerce.account.Level_16_Log] - Register - Step 2: Click to Register link
[2023-08-31 16:11:57,129 INFO com.nopcommerce.account.Level_16_Log] - Register - Step 3: Click to Register button
[2023-08-31 16:11:57,320 INFO com.nopcommerce.account.Level_16_Log] - Register - Step 4: Verify error message at Firstname textbox
[2023-08-31 16:11:57,376 INFO com.nopcommerce.account.Level_16_Log] - ------------------- PASSED -------------------
[2023-08-31 16:11:57,376 INFO com.nopcommerce.account.Level_16_Log] - Register - Step 5: Verify error message at Lastname textbox
[2023-08-31 16:11:57,443 INFO com.nopcommerce.account.Level_16_Log] - ------------------- FAILED -------------------
[2023-08-31 16:11:57,447 INFO com.nopcommerce.account.Level_16_Log] - Register - Step 6: Verify Firstname textbox
[2023-08-31 16:11:57,781 INFO com.nopcommerce.account.Level_16_Log] - Register - Step 7: Verify Lastname textbox
[2023-08-31 16:11:57,951 INFO com.nopcommerce.account.Level_16_Log] - Register - Step 8: Verify Email textbox with email value isjohn9436@hihi.com
[2023-08-31 16:11:58,133 INFO com.nopcommerce.account.Level_16_Log] - Register - Step 9: Verify Password textbox
[2023-08-31 16:11:58,320 INFO com.nopcommerce.account.Level_16_Log] - Register - Step 10: Verify Confirm password textbox
[2023-08-31 16:11:58,479 INFO com.nopcommerce.account.Level_16_Log] - Register - Step 11: Click to Register button
[2023-08-31 16:11:59,815 INFO com.nopcommerce.account.Level_16_Log] - Register - Step 12: Verify success message is displayed
[2023-08-31 16:11:59,864 INFO com.nopcommerce.account.Level_16_Log] - ------------------- FAILED -------------------
