[13-09-2023 13:30:09.689 INFO com.nopcommerce.account.Level_17_ReportNG] - Starting delete all file in ReportNG screenshot
[13-09-2023 13:30:09.692 INFO com.nopcommerce.account.Level_17_ReportNG] - Deleted success
[13-09-2023 13:30:16.080 INFO com.nopcommerce.account.Level_17_ReportNG] - Register - Step 1: Verify Register link displayed
[13-09-2023 13:30:16.155 INFO com.nopcommerce.account.Level_17_ReportNG] - ------------------- FAILED -------------------
[13-09-2023 13:30:16.156 INFO com.nopcommerce.account.Level_17_ReportNG] - Register - Step 2: Click to Register link
[13-09-2023 13:30:17.169 INFO com.nopcommerce.account.Level_17_ReportNG] - Register - Step 3: Click to Register button
[13-09-2023 13:30:17.437 INFO com.nopcommerce.account.Level_17_ReportNG] - Register - Step 4: Verify error message at Firstname textbox
[13-09-2023 13:30:17.469 INFO com.nopcommerce.account.Level_17_ReportNG] - ------------------- PASSED -------------------
[13-09-2023 13:30:17.470 INFO com.nopcommerce.account.Level_17_ReportNG] - Register - Step 5: Verify error message at Lastname textbox
[13-09-2023 13:30:17.498 INFO com.nopcommerce.account.Level_17_ReportNG] - ------------------- PASSED -------------------
[13-09-2023 13:30:17.616 INFO com.nopcommerce.account.Level_17_ReportNG] - Register - Step 1: Verify Firstname textbox
[13-09-2023 13:30:18.912 INFO com.nopcommerce.account.Level_17_ReportNG] - Register - Step 2: Verify Lastname textbox
[13-09-2023 13:30:18.956 INFO com.nopcommerce.account.Level_17_ReportNG] - Register - Step 3: Verify Email textbox with email value isjohn72344@hihi.com
[13-09-2023 13:30:18.998 INFO com.nopcommerce.account.Level_17_ReportNG] - Register - Step 4: Verify Password textbox
[13-09-2023 13:30:19.034 INFO com.nopcommerce.account.Level_17_ReportNG] - Register - Step 5: Verify Confirm password textbox
[13-09-2023 13:30:19.070 INFO com.nopcommerce.account.Level_17_ReportNG] - Register - Step 6: Click to Register button
[13-09-2023 13:30:20.583 INFO com.nopcommerce.account.Level_17_ReportNG] - Register - Step 7: Verify success message is displayed
[13-09-2023 13:30:20.740 INFO com.nopcommerce.account.Level_17_ReportNG] - ------------------- FAILED -------------------
[13-09-2023 13:30:24.752 INFO com.nopcommerce.account.Level_17_ReportNG] - Register - Step 1: Verify Register link displayed
[13-09-2023 13:30:24.806 INFO com.nopcommerce.account.Level_17_ReportNG] - ------------------- FAILED -------------------
[13-09-2023 13:30:24.807 INFO com.nopcommerce.account.Level_17_ReportNG] - Register - Step 2: Click to Register link
[13-09-2023 13:30:25.840 INFO com.nopcommerce.account.Level_17_ReportNG] - Register - Step 3: Click to Register button
[13-09-2023 13:30:25.950 INFO com.nopcommerce.account.Level_17_ReportNG] - Register - Step 4: Verify error message at Firstname textbox
[13-09-2023 13:30:25.995 INFO com.nopcommerce.account.Level_17_ReportNG] - ------------------- PASSED -------------------
[13-09-2023 13:30:25.995 INFO com.nopcommerce.account.Level_17_ReportNG] - Register - Step 5: Verify error message at Lastname textbox
[13-09-2023 13:30:26.026 INFO com.nopcommerce.account.Level_17_ReportNG] - ------------------- PASSED -------------------
[13-09-2023 13:30:26.302 INFO com.nopcommerce.account.Level_17_ReportNG] - Register - Step 1: Verify Firstname textbox
[13-09-2023 13:30:27.640 INFO com.nopcommerce.account.Level_17_ReportNG] - Register - Step 2: Verify Lastname textbox
[13-09-2023 13:30:27.735 INFO com.nopcommerce.account.Level_17_ReportNG] - Register - Step 3: Verify Email textbox with email value isjohn53288@hihi.com
[13-09-2023 13:30:27.844 INFO com.nopcommerce.account.Level_17_ReportNG] - Register - Step 4: Verify Password textbox
[13-09-2023 13:30:27.952 INFO com.nopcommerce.account.Level_17_ReportNG] - Register - Step 5: Verify Confirm password textbox
[13-09-2023 13:30:28.054 INFO com.nopcommerce.account.Level_17_ReportNG] - Register - Step 6: Click to Register button
[13-09-2023 13:30:29.569 INFO com.nopcommerce.account.Level_17_ReportNG] - Register - Step 7: Verify success message is displayed
[13-09-2023 13:30:29.601 INFO com.nopcommerce.account.Level_17_ReportNG] - ------------------- FAILED -------------------
